# JRE version: Java(TM) SE Runtime Environment (11.0.2+9) (build 11.0.2+9-LTS)
# Java VM: Java HotSpot(TM) 64-Bit Server VM (11.0.2+9-LTS, mixed mode, tiered, compressed oops, g1 gc, windows-amd64)
Heap:
 garbage-first heap   total 230400K, used 140805K [0x00000000c0000000, 0x0000000100000000)
  region size 1024K, 14 young (14336K), 7 survivors (7168K)
 Metaspace       used 249336K, capacity 263464K, committed 263660K, reserved 1273856K
  class space    used 32231K, capacity 39037K, committed 39116K, reserved 1048576K
GC Heap History (10 events):
Event: 3413.150 GC heap after
{Heap after GC invocations=464 (full 0):
 garbage-first heap   total 230400K, used 122477K [0x00000000c0000000, 0x0000000100000000)
  region size 1024K, 2 young (2048K), 2 survivors (2048K)
 Metaspace       used 249261K, capacity 263431K, committed 263660K, reserved 1273856K
  class space    used 32230K, capacity 39036K, committed 39116K, reserved 1048576K
}
Event: 3413.353 GC heap before
{Heap before GC invocations=464 (full 0):
 garbage-first heap   total 230400K, used 130669K [0x00000000c0000000, 0x0000000100000000)
  region size 1024K, 11 young (11264K), 2 survivors (2048K)
 Metaspace       used 249261K, capacity 263431K, committed 263660K, reserved 1273856K
  class space    used 32230K, capacity 39036K, committed 39116K, reserved 1048576K
}
Event: 3413.363 GC heap after
{Heap after GC invocations=465 (full 0):
 garbage-first heap   total 230400K, used 115868K [0x00000000c0000000, 0x0000000100000000)
  region size 1024K, 1 young (1024K), 1 survivors (1024K)
 Metaspace       used 249261K, capacity 263431K, committed 263660K, reserved 1273856K
  class space    used 32230K, capacity 39036K, committed 39116K, reserved 1048576K
}
Event: 3430.423 GC heap before
{Heap before GC invocations=465 (full 0):
 garbage-first heap   total 230400K, used 181404K [0x00000000c0000000, 0x0000000100000000)
  region size 1024K, 65 young (66560K), 1 survivors (1024K)
 Metaspace       used 249298K, capacity 263450K, committed 263660K, reserved 1273856K
  class space    used 32230K, capacity 39036K, committed 39116K, reserved 1048576K
}
Event: 3430.434 GC heap after
{Heap after GC invocations=466 (full 0):
 garbage-first heap   total 230400K, used 121147K [0x00000000c0000000, 0x0000000100000000)
  region size 1024K, 7 young (7168K), 7 survivors (7168K)
 Metaspace       used 249298K, capacity 263450K, committed 263660K, reserved 1273856K
  class space    used 32230K, capacity 39036K, committed 39116K, reserved 1048576K
}
Event: 3454.042 GC heap before
{Heap before GC invocations=467 (full 0):
 garbage-first heap   total 230400K, used 183611K [0x00000000c0000000, 0x0000000100000000)
  region size 1024K, 68 young (69632K), 7 survivors (7168K)
 Metaspace       used 249310K, capacity 263459K, committed 263660K, reserved 1273856K
  class space    used 32231K, capacity 39037K, committed 39116K, reserved 1048576K
}
Event: 3454.051 GC heap after
{Heap after GC invocations=468 (full 0):
 garbage-first heap   total 230400K, used 130472K [0x00000000c0000000, 0x0000000100000000)
  region size 1024K, 9 young (9216K), 9 survivors (9216K)
 Metaspace       used 249310K, capacity 263459K, committed 263660K, reserved 1273856K
  class space    used 32231K, capacity 39037K, committed 39116K, reserved 1048576K
}
Event: 3454.368 GC heap before
{Heap before GC invocations=468 (full 0):
 garbage-first heap   total 230400K, used 132520K [0x00000000c0000000, 0x0000000100000000)
  region size 1024K, 11 young (11264K), 9 survivors (9216K)
 Metaspace       used 249310K, capacity 263459K, committed 263660K, reserved 1273856K
  class space    used 32231K, capacity 39037K, committed 39116K, reserved 1048576K
}
Event: 3454.377 GC heap after
{Heap after GC invocations=469 (full 0):
 garbage-first heap   total 230400K, used 127712K [0x00000000c0000000, 0x0000000100000000)
  region size 1024K, 2 young (2048K), 2 survivors (2048K)
 Metaspace       used 249310K, capacity 263459K, committed 263660K, reserved 1273856K
  class space    used 32231K, capacity 39037K, committed 39116K, reserved 1048576K
}
Event: 3509.046 GC heap before
{Heap before GC invocations=469 (full 0):
 garbage-first heap   total 230400K, used 181984K [0x00000000c0000000, 0x0000000100000000)
  region size 1024K, 55 young (56320K), 2 survivors (2048K)
 Metaspace       used 249336K, capacity 263464K, committed 263660K, reserved 1273856K
  class space    used 32231K, capacity 39037K, committed 39116K, reserved 1048576K
}

