# JRE version: Java(TM) SE Runtime Environment (11.0.2+9) (build 11.0.2+9-LTS)
# Java VM: Java HotSpot(TM) 64-Bit Server VM (11.0.2+9-LTS, mixed mode, tiered, compressed oops, g1 gc, windows-amd64)
Heap:
 garbage-first heap   total 234496K, used 149476K [0x00000000c0000000, 0x0000000100000000)
  region size 1024K, 10 young (10240K), 3 survivors (3072K)
 Metaspace       used 255999K, capacity 271129K, committed 271356K, reserved 1280000K
  class space    used 33364K, capacity 40548K, committed 40576K, reserved 1048576K
GC Heap History (10 events):
Event: 9089.936 GC heap before
{Heap before GC invocations=820 (full 0):
 garbage-first heap   total 234496K, used 142814K [0x00000000c0000000, 0x0000000100000000)
  region size 1024K, 11 young (11264K), 5 survivors (5120K)
 Metaspace       used 255946K, capacity 271054K, committed 271100K, reserved 1280000K
  class space    used 33364K, capacity 40548K, committed 40576K, reserved 1048576K
}
Event: 9089.954 GC heap after
{Heap after GC invocations=821 (full 0):
 garbage-first heap   total 234496K, used 134664K [0x00000000c0000000, 0x0000000100000000)
  region size 1024K, 2 young (2048K), 2 survivors (2048K)
 Metaspace       used 255946K, capacity 271054K, committed 271100K, reserved 1280000K
  class space    used 33364K, capacity 40548K, committed 40576K, reserved 1048576K
}
Event: 9100.925 GC heap before
{Heap before GC invocations=821 (full 0):
 garbage-first heap   total 234496K, used 186888K [0x00000000c0000000, 0x0000000100000000)
  region size 1024K, 54 young (55296K), 2 survivors (2048K)
 Metaspace       used 255946K, capacity 271054K, committed 271100K, reserved 1280000K
  class space    used 33364K, capacity 40548K, committed 40576K, reserved 1048576K
}
Event: 9100.947 GC heap after
{Heap after GC invocations=822 (full 0):
 garbage-first heap   total 234496K, used 139944K [0x00000000c0000000, 0x0000000100000000)
  region size 1024K, 7 young (7168K), 7 survivors (7168K)
 Metaspace       used 255946K, capacity 271054K, committed 271100K, reserved 1280000K
  class space    used 33364K, capacity 40548K, committed 40576K, reserved 1048576K
}
Event: 9187.442 GC heap before
{Heap before GC invocations=823 (full 0):
 garbage-first heap   total 234496K, used 189096K [0x00000000c0000000, 0x0000000100000000)
  region size 1024K, 56 young (57344K), 7 survivors (7168K)
 Metaspace       used 255978K, capacity 271124K, committed 271356K, reserved 1280000K
  class space    used 33364K, capacity 40548K, committed 40576K, reserved 1048576K
}
Event: 9187.449 GC heap after
{Heap after GC invocations=824 (full 0):
 garbage-first heap   total 234496K, used 143128K [0x00000000c0000000, 0x0000000100000000)
  region size 1024K, 4 young (4096K), 4 survivors (4096K)
 Metaspace       used 255978K, capacity 271124K, committed 271356K, reserved 1280000K
  class space    used 33364K, capacity 40548K, committed 40576K, reserved 1048576K
}
Event: 9192.687 GC heap before
{Heap before GC invocations=824 (full 0):
 garbage-first heap   total 234496K, used 150296K [0x00000000c0000000, 0x0000000100000000)
  region size 1024K, 11 young (11264K), 4 survivors (4096K)
 Metaspace       used 255978K, capacity 271124K, committed 271356K, reserved 1280000K
  class space    used 33364K, capacity 40548K, committed 40576K, reserved 1048576K
}
Event: 9192.700 GC heap after
{Heap after GC invocations=825 (full 0):
 garbage-first heap   total 234496K, used 140937K [0x00000000c0000000, 0x0000000100000000)
  region size 1024K, 1 young (1024K), 1 survivors (1024K)
 Metaspace       used 255978K, capacity 271124K, committed 271356K, reserved 1280000K
  class space    used 33364K, capacity 40548K, committed 40576K, reserved 1048576K
}
Event: 9234.712 GC heap before
{Heap before GC invocations=825 (full 0):
 garbage-first heap   total 234496K, used 192137K [0x00000000c0000000, 0x0000000100000000)
  region size 1024K, 51 young (52224K), 1 survivors (1024K)
 Metaspace       used 255992K, capacity 271127K, committed 271356K, reserved 1280000K
  class space    used 33364K, capacity 40548K, committed 40576K, reserved 1048576K
}
Event: 9234.718 GC heap after
{Heap after GC invocations=826 (full 0):
 garbage-first heap   total 234496K, used 143332K [0x00000000c0000000, 0x0000000100000000)
  region size 1024K, 3 young (3072K), 3 survivors (3072K)
 Metaspace       used 255992K, capacity 271127K, committed 271356K, reserved 1280000K
  class space    used 33364K, capacity 40548K, committed 40576K, reserved 1048576K
}

