# JRE version: Java(TM) SE Runtime Environment (11.0.2+9) (build 11.0.2+9-LTS)
# Java VM: Java HotSpot(TM) 64-Bit Server VM (11.0.2+9-LTS, mixed mode, tiered, compressed oops, g1 gc, windows-amd64)
Heap:
 garbage-first heap   total 226304K, used 170734K [0x00000000c0000000, 0x0000000100000000)
  region size 1024K, 23 young (23552K), 2 survivors (2048K)
 Metaspace       used 258919K, capacity 273938K, committed 274084K, reserved 1282048K
  class space    used 33480K, capacity 40554K, committed 40612K, reserved 1048576K
GC Heap History (10 events):
Event: 80112.281 GC heap before
{Heap before GC invocations=1433 (full 0):
 garbage-first heap   total 226304K, used 182637K [0x00000000c0000000, 0x0000000100000000)
  region size 1024K, 52 young (53248K), 4 survivors (4096K)
 Metaspace       used 258894K, capacity 273928K, committed 274084K, reserved 1282048K
  class space    used 33480K, capacity 40554K, committed 40612K, reserved 1048576K
}
Event: 80112.311 GC heap after
{Heap after GC invocations=1434 (full 0):
 garbage-first heap   total 226304K, used 143020K [0x00000000c0000000, 0x0000000100000000)
  region size 1024K, 7 young (7168K), 7 survivors (7168K)
 Metaspace       used 258894K, capacity 273928K, committed 274084K, reserved 1282048K
  class space    used 33480K, capacity 40554K, committed 40612K, reserved 1048576K
}
Event: 80172.577 GC heap before
{Heap before GC invocations=1435 (full 0):
 garbage-first heap   total 226304K, used 186028K [0x00000000c0000000, 0x0000000100000000)
  region size 1024K, 49 young (50176K), 7 survivors (7168K)
 Metaspace       used 258914K, capacity 273933K, committed 274084K, reserved 1282048K
  class space    used 33480K, capacity 40554K, committed 40612K, reserved 1048576K
}
Event: 80172.585 GC heap after
{Heap after GC invocations=1436 (full 0):
 garbage-first heap   total 226304K, used 146277K [0x00000000c0000000, 0x0000000100000000)
  region size 1024K, 2 young (2048K), 2 survivors (2048K)
 Metaspace       used 258914K, capacity 273933K, committed 274084K, reserved 1282048K
  class space    used 33480K, capacity 40554K, committed 40612K, reserved 1048576K
}
Event: 80178.362 GC heap before
{Heap before GC invocations=1436 (full 0):
 garbage-first heap   total 226304K, used 170853K [0x00000000c0000000, 0x0000000100000000)
  region size 1024K, 27 young (27648K), 2 survivors (2048K)
 Metaspace       used 258915K, capacity 273933K, committed 274084K, reserved 1282048K
  class space    used 33480K, capacity 40554K, committed 40612K, reserved 1048576K
}
Event: 80178.385 GC heap after
{Heap after GC invocations=1437 (full 0):
 garbage-first heap   total 226304K, used 155998K [0x00000000c0000000, 0x0000000100000000)
  region size 1024K, 6 young (6144K), 6 survivors (6144K)
 Metaspace       used 258915K, capacity 273933K, committed 274084K, reserved 1282048K
  class space    used 33480K, capacity 40554K, committed 40612K, reserved 1048576K
}
Event: 80183.610 GC heap before
{Heap before GC invocations=1438 (full 0):
 garbage-first heap   total 226304K, used 180574K [0x00000000c0000000, 0x0000000100000000)
  region size 1024K, 34 young (34816K), 6 survivors (6144K)
 Metaspace       used 258915K, capacity 273933K, committed 274084K, reserved 1282048K
  class space    used 33480K, capacity 40554K, committed 40612K, reserved 1048576K
}
Event: 80183.624 GC heap after
{Heap after GC invocations=1439 (full 0):
 garbage-first heap   total 226304K, used 162026K [0x00000000c0000000, 0x0000000100000000)
  region size 1024K, 5 young (5120K), 5 survivors (5120K)
 Metaspace       used 258915K, capacity 273933K, committed 274084K, reserved 1282048K
  class space    used 33480K, capacity 40554K, committed 40612K, reserved 1048576K
}
Event: 80188.648 GC heap before
{Heap before GC invocations=1439 (full 0):
 garbage-first heap   total 226304K, used 169194K [0x00000000c0000000, 0x0000000100000000)
  region size 1024K, 11 young (11264K), 5 survivors (5120K)
 Metaspace       used 258915K, capacity 273933K, committed 274084K, reserved 1282048K
  class space    used 33480K, capacity 40554K, committed 40612K, reserved 1048576K
}
Event: 80188.666 GC heap after
{Heap after GC invocations=1440 (full 0):
 garbage-first heap   total 226304K, used 150254K [0x00000000c0000000, 0x0000000100000000)
  region size 1024K, 2 young (2048K), 2 survivors (2048K)
 Metaspace       used 258915K, capacity 273933K, committed 274084K, reserved 1282048K
  class space    used 33480K, capacity 40554K, committed 40612K, reserved 1048576K
}

