# JRE version: Java(TM) SE Runtime Environment (11.0.2+9) (build 11.0.2+9-LTS)
# Java VM: Java HotSpot(TM) 64-Bit Server VM (11.0.2+9-LTS, mixed mode, tiered, compressed oops, g1 gc, windows-amd64)
Heap:
 garbage-first heap   total 212992K, used 149016K [0x00000000c0000000, 0x0000000100000000)
  region size 1024K, 32 young (32768K), 1 survivors (1024K)
 Metaspace       used 260010K, capacity 274942K, committed 275148K, reserved 1284096K
  class space    used 33663K, capacity 40803K, committed 40832K, reserved 1048576K
GC Heap History (10 events):
Event: 3664.964 GC heap before
{Heap before GC invocations=616 (full 0):
 garbage-first heap   total 212992K, used 160566K [0x00000000c0000000, 0x0000000100000000)
  region size 1024K, 40 young (40960K), 1 survivors (1024K)
 Metaspace       used 259837K, capacity 274798K, committed 274892K, reserved 1284096K
  class space    used 33634K, capacity 40774K, committed 40832K, reserved 1048576K
}
Event: 3664.970 GC heap after
{Heap after GC invocations=617 (full 0):
 garbage-first heap   total 212992K, used 127645K [0x00000000c0000000, 0x0000000100000000)
  region size 1024K, 5 young (5120K), 5 survivors (5120K)
 Metaspace       used 259837K, capacity 274798K, committed 274892K, reserved 1284096K
  class space    used 33634K, capacity 40774K, committed 40832K, reserved 1048576K
}
Event: 3682.999 GC heap before
{Heap before GC invocations=617 (full 0):
 garbage-first heap   total 212992K, used 164509K [0x00000000c0000000, 0x0000000100000000)
  region size 1024K, 41 young (41984K), 5 survivors (5120K)
 Metaspace       used 259982K, capacity 274934K, committed 275148K, reserved 1284096K
  class space    used 33663K, capacity 40803K, committed 40832K, reserved 1048576K
}
Event: 3683.012 GC heap after
{Heap after GC invocations=618 (full 0):
 garbage-first heap   total 212992K, used 133104K [0x00000000c0000000, 0x0000000100000000)
  region size 1024K, 6 young (6144K), 6 survivors (6144K)
 Metaspace       used 259982K, capacity 274934K, committed 275148K, reserved 1284096K
  class space    used 33663K, capacity 40803K, committed 40832K, reserved 1048576K
}
Event: 3690.518 GC heap before
{Heap before GC invocations=618 (full 0):
 garbage-first heap   total 212992K, used 166896K [0x00000000c0000000, 0x0000000100000000)
  region size 1024K, 40 young (40960K), 6 survivors (6144K)
 Metaspace       used 259985K, capacity 274936K, committed 275148K, reserved 1284096K
  class space    used 33663K, capacity 40803K, committed 40832K, reserved 1048576K
}
Event: 3690.527 GC heap after
{Heap after GC invocations=619 (full 0):
 garbage-first heap   total 212992K, used 133541K [0x00000000c0000000, 0x0000000100000000)
  region size 1024K, 2 young (2048K), 2 survivors (2048K)
 Metaspace       used 259985K, capacity 274936K, committed 275148K, reserved 1284096K
  class space    used 33663K, capacity 40803K, committed 40832K, reserved 1048576K
}
Event: 3692.046 GC heap before
{Heap before GC invocations=620 (full 0):
 garbage-first heap   total 212992K, used 163237K [0x00000000c0000000, 0x0000000100000000)
  region size 1024K, 38 young (38912K), 2 survivors (2048K)
 Metaspace       used 259987K, capacity 274936K, committed 275148K, reserved 1284096K
  class space    used 33663K, capacity 40803K, committed 40832K, reserved 1048576K
}
Event: 3692.049 GC heap after
{Heap after GC invocations=621 (full 0):
 garbage-first heap   total 212992K, used 127795K [0x00000000c0000000, 0x0000000100000000)
  region size 1024K, 2 young (2048K), 2 survivors (2048K)
 Metaspace       used 259987K, capacity 274936K, committed 275148K, reserved 1284096K
  class space    used 33663K, capacity 40803K, committed 40832K, reserved 1048576K
}
Event: 3692.071 GC heap before
{Heap before GC invocations=621 (full 0):
 garbage-first heap   total 212992K, used 135987K [0x00000000c0000000, 0x0000000100000000)
  region size 1024K, 10 young (10240K), 2 survivors (2048K)
 Metaspace       used 259989K, capacity 274937K, committed 275148K, reserved 1284096K
  class space    used 33663K, capacity 40803K, committed 40832K, reserved 1048576K
}
Event: 3692.080 GC heap after
{Heap after GC invocations=622 (full 0):
 garbage-first heap   total 212992K, used 119320K [0x00000000c0000000, 0x0000000100000000)
  region size 1024K, 1 young (1024K), 1 survivors (1024K)
 Metaspace       used 259989K, capacity 274937K, committed 275148K, reserved 1284096K
  class space    used 33663K, capacity 40803K, committed 40832K, reserved 1048576K
}

