# JRE version: Java(TM) SE Runtime Environment (11.0.2+9) (build 11.0.2+9-LTS)
# Java VM: Java HotSpot(TM) 64-Bit Server VM (11.0.2+9-LTS, mixed mode, tiered, compressed oops, g1 gc, windows-amd64)
Heap:
 garbage-first heap   total 324608K, used 218258K [0x00000000c0000000, 0x0000000100000000)
  region size 1024K, 25 young (25600K), 8 survivors (8192K)
 Metaspace       used 265926K, capacity 281986K, committed 282264K, reserved 1290240K
  class space    used 33713K, capacity 41037K, committed 41112K, reserved 1048576K
GC Heap History (10 events):
Event: 169465.330 GC heap before
{Heap before GC invocations=6193 (full 0):
 garbage-first heap   total 324608K, used 226745K [0x00000000c0000000, 0x0000000100000000)
  region size 1024K, 15 young (15360K), 2 survivors (2048K)
 Metaspace       used 265888K, capacity 281950K, committed 282264K, reserved 1290240K
  class space    used 33711K, capacity 41032K, committed 41112K, reserved 1048576K
}
Event: 169465.335 GC heap after
{Heap after GC invocations=6194 (full 0):
 garbage-first heap   total 324608K, used 202439K [0x00000000c0000000, 0x0000000100000000)
  region size 1024K, 1 young (1024K), 1 survivors (1024K)
 Metaspace       used 265888K, capacity 281950K, committed 282264K, reserved 1290240K
  class space    used 33711K, capacity 41032K, committed 41112K, reserved 1048576K
}
Event: 169471.654 GC heap before
{Heap before GC invocations=6194 (full 0):
 garbage-first heap   total 324608K, used 236231K [0x00000000c0000000, 0x0000000100000000)
  region size 1024K, 35 young (35840K), 1 survivors (1024K)
 Metaspace       used 265891K, capacity 281950K, committed 282264K, reserved 1290240K
  class space    used 33711K, capacity 41032K, committed 41112K, reserved 1048576K
}
Event: 169471.661 GC heap after
{Heap after GC invocations=6195 (full 0):
 garbage-first heap   total 324608K, used 204800K [0x00000000c0000000, 0x0000000100000000)
  region size 1024K, 3 young (3072K), 3 survivors (3072K)
 Metaspace       used 265891K, capacity 281950K, committed 282264K, reserved 1290240K
  class space    used 33711K, capacity 41032K, committed 41112K, reserved 1048576K
}
Event: 169475.369 GC heap before
{Heap before GC invocations=6196 (full 0):
 garbage-first heap   total 324608K, used 259072K [0x00000000c0000000, 0x0000000100000000)
  region size 1024K, 55 young (56320K), 3 survivors (3072K)
 Metaspace       used 265904K, capacity 281971K, committed 282264K, reserved 1290240K
  class space    used 33713K, capacity 41037K, committed 41112K, reserved 1048576K
}
Event: 169475.378 GC heap after
{Heap after GC invocations=6197 (full 0):
 garbage-first heap   total 324608K, used 208411K [0x00000000c0000000, 0x0000000100000000)
  region size 1024K, 6 young (6144K), 6 survivors (6144K)
 Metaspace       used 265904K, capacity 281971K, committed 282264K, reserved 1290240K
  class space    used 33713K, capacity 41037K, committed 41112K, reserved 1048576K
}
Event: 169476.739 GC heap before
{Heap before GC invocations=6197 (full 0):
 garbage-first heap   total 324608K, used 217627K [0x00000000c0000000, 0x0000000100000000)
  region size 1024K, 15 young (15360K), 6 survivors (6144K)
 Metaspace       used 265904K, capacity 281971K, committed 282264K, reserved 1290240K
  class space    used 33713K, capacity 41037K, committed 41112K, reserved 1048576K
}
Event: 169476.754 GC heap after
{Heap after GC invocations=6198 (full 0):
 garbage-first heap   total 324608K, used 199751K [0x00000000c0000000, 0x0000000100000000)
  region size 1024K, 1 young (1024K), 1 survivors (1024K)
 Metaspace       used 265904K, capacity 281971K, committed 282264K, reserved 1290240K
  class space    used 33713K, capacity 41037K, committed 41112K, reserved 1048576K
}
Event: 169494.144 GC heap before
{Heap before GC invocations=6198 (full 0):
 garbage-first heap   total 324608K, used 256071K [0x00000000c0000000, 0x0000000100000000)
  region size 1024K, 57 young (58368K), 1 survivors (1024K)
 Metaspace       used 265904K, capacity 281971K, committed 282264K, reserved 1290240K
  class space    used 33713K, capacity 41037K, committed 41112K, reserved 1048576K
}
Event: 169494.155 GC heap after
{Heap after GC invocations=6199 (full 0):
 garbage-first heap   total 324608K, used 210066K [0x00000000c0000000, 0x0000000100000000)
  region size 1024K, 8 young (8192K), 8 survivors (8192K)
 Metaspace       used 265904K, capacity 281971K, committed 282264K, reserved 1290240K
  class space    used 33713K, capacity 41037K, committed 41112K, reserved 1048576K
}

