# JRE version: Java(TM) SE Runtime Environment (11.0.2+9) (build 11.0.2+9-LTS)
# Java VM: Java HotSpot(TM) 64-Bit Server VM (11.0.2+9-LTS, mixed mode, tiered, compressed oops, g1 gc, windows-amd64)
Heap:
 garbage-first heap   total 147456K, used 116905K [0x00000000c0000000, 0x0000000100000000)
  region size 1024K, 21 young (21504K), 1 survivors (1024K)
 Metaspace       used 214450K, capacity 226254K, committed 226440K, reserved 1243136K
  class space    used 27370K, capacity 32859K, committed 32948K, reserved 1048576K
GC Heap History (10 events):
Event: 55807.477 GC heap before
{Heap before GC invocations=775 (full 0):
 garbage-first heap   total 147456K, used 127877K [0x00000000c0000000, 0x0000000100000000)
  region size 1024K, 40 young (40960K), 1 survivors (1024K)
 Metaspace       used 214086K, capacity 225806K, committed 226056K, reserved 1243136K
  class space    used 27316K, capacity 32794K, committed 32820K, reserved 1048576K
}
Event: 55807.493 GC heap after
{Heap after GC invocations=776 (full 0):
 garbage-first heap   total 147456K, used 90310K [0x00000000c0000000, 0x0000000100000000)
  region size 1024K, 4 young (4096K), 4 survivors (4096K)
 Metaspace       used 214086K, capacity 225806K, committed 226056K, reserved 1243136K
  class space    used 27316K, capacity 32794K, committed 32820K, reserved 1048576K
}
Event: 55821.367 GC heap before
{Heap before GC invocations=777 (full 0):
 garbage-first heap   total 147456K, used 126150K [0x00000000c0000000, 0x0000000100000000)
  region size 1024K, 39 young (39936K), 4 survivors (4096K)
 Metaspace       used 214093K, capacity 225806K, committed 226056K, reserved 1243136K
  class space    used 27316K, capacity 32794K, committed 32820K, reserved 1048576K
}
Event: 55821.371 GC heap after
{Heap after GC invocations=778 (full 0):
 garbage-first heap   total 147456K, used 88884K [0x00000000c0000000, 0x0000000100000000)
  region size 1024K, 2 young (2048K), 2 survivors (2048K)
 Metaspace       used 214093K, capacity 225806K, committed 226056K, reserved 1243136K
  class space    used 27316K, capacity 32794K, committed 32820K, reserved 1048576K
}
Event: 55826.073 GC heap before
{Heap before GC invocations=778 (full 0):
 garbage-first heap   total 147456K, used 124724K [0x00000000c0000000, 0x0000000100000000)
  region size 1024K, 38 young (38912K), 2 survivors (2048K)
 Metaspace       used 214398K, capacity 226173K, committed 226440K, reserved 1243136K
  class space    used 27369K, capacity 32857K, committed 32948K, reserved 1048576K
}
Event: 55826.081 GC heap after
{Heap after GC invocations=779 (full 0):
 garbage-first heap   total 147456K, used 97890K [0x00000000c0000000, 0x0000000100000000)
  region size 1024K, 5 young (5120K), 5 survivors (5120K)
 Metaspace       used 214398K, capacity 226173K, committed 226440K, reserved 1243136K
  class space    used 27369K, capacity 32857K, committed 32948K, reserved 1048576K
}
Event: 55836.605 GC heap before
{Heap before GC invocations=780 (full 0):
 garbage-first heap   total 147456K, used 123490K [0x00000000c0000000, 0x0000000100000000)
  region size 1024K, 30 young (30720K), 5 survivors (5120K)
 Metaspace       used 214424K, capacity 226185K, committed 226440K, reserved 1243136K
  class space    used 27370K, capacity 32859K, committed 32948K, reserved 1048576K
}
Event: 55836.612 GC heap after
{Heap after GC invocations=781 (full 0):
 garbage-first heap   total 147456K, used 97510K [0x00000000c0000000, 0x0000000100000000)
  region size 1024K, 1 young (1024K), 1 survivors (1024K)
 Metaspace       used 214424K, capacity 226185K, committed 226440K, reserved 1243136K
  class space    used 27370K, capacity 32859K, committed 32948K, reserved 1048576K
}
Event: 55837.479 GC heap before
{Heap before GC invocations=781 (full 0):
 garbage-first heap   total 147456K, used 103654K [0x00000000c0000000, 0x0000000100000000)
  region size 1024K, 7 young (7168K), 1 survivors (1024K)
 Metaspace       used 214424K, capacity 226185K, committed 226440K, reserved 1243136K
  class space    used 27370K, capacity 32859K, committed 32948K, reserved 1048576K
}
Event: 55837.482 GC heap after
{Heap after GC invocations=782 (full 0):
 garbage-first heap   total 147456K, used 97449K [0x00000000c0000000, 0x0000000100000000)
  region size 1024K, 1 young (1024K), 1 survivors (1024K)
 Metaspace       used 214424K, capacity 226185K, committed 226440K, reserved 1243136K
  class space    used 27370K, capacity 32859K, committed 32948K, reserved 1048576K
}

